<?xml version="1.0" encoding="UTF-8"?>
<!-- Generated by org.testng.reporters.JUnitXMLReporter -->
<testsuite ignored="0" hostname="DESKTOP-1LI4ATB" failures="0" tests="4" name="Test1" time="0.038" errors="0" timestamp="29 Sep 2020 22:39:12 GMT">
  <testcase classname="demo.TestNGGroupsDemo" name="test1" time="0.008"/>
  <testcase classname="demo.TestNGGroupsDemo" name="test2" time="0.001"/>
  <testcase classname="demo.TestNGGroupsDemo" name="test3" time="0.001"/>
  <testcase classname="demo.TestNGGroupsDemo" name="test4" time="0.001"/>
</testsuite> <!-- Test1 -->
