<?xml version="1.0" encoding="UTF-8"?>
<testng-results ignored="0" total="1" passed="1" failed="0" skipped="0">
  <reporter-output>
  </reporter-output>
  <suite started-at="2020-10-01T23:40:07Z" name="Default suite" finished-at="2020-10-01T23:40:15Z" duration-ms="7572">
    <groups>
    </groups>
    <test started-at="2020-10-01T23:40:07Z" name="Default test" finished-at="2020-10-01T23:40:15Z" duration-ms="7572">
      <class name="demo.HeadlessChromeDemo">
        <test-method signature="test()[pri:0, instance:demo.HeadlessChromeDemo@5495333e]" started-at="2020-10-01T23:40:07Z" name="test" finished-at="2020-10-01T23:40:15Z" duration-ms="7551" status="PASS">
          <reporter-output>
          </reporter-output>
        </test-method> <!-- test -->
      </class> <!-- demo.HeadlessChromeDemo -->
    </test> <!-- Default test -->
  </suite> <!-- Default suite -->
</testng-results>
